<?xml version="1.0" encoding="UTF-8"?>
<!-- Generated by org.testng.reporters.JUnitXMLReporter -->
<testsuite ignored="0" hostname="HTCLT1474" failures="0" tests="8" name="Lead" time="111.723" errors="0" timestamp="2023-07-19T13:58:28 IST">
  <testcase classname="Test.Lead_Scenario" name="Login_Salesforce_page" time="8.601"/>
  <testcase classname="Test.Lead_Scenario" name="Homepage" time="6.607"/>
  <testcase classname="Test.Lead_Scenario" name="Lead_LastName_Commpany" time="24.034"/>
  <testcase classname="Test.Lead_Scenario" name="Validate_the_field" time="8.218"/>
  <testcase classname="Test.Lead_Scenario" name="AnnualRevenue" time="15.17"/>
  <testcase classname="Test.Lead_Scenario" name="LeadConversion" time="5.235"/>
  <testcase classname="Test.Lead_Scenario" name="LeadStauts" time="18.514"/>
  <testcase classname="Test.Lead_Scenario" name="Account_OpportunityCreation" time="20.935"/>
</testsuite> <!-- Lead -->
