<?xml version="1.0" encoding="UTF-8"?>
<!-- Generated by org.testng.reporters.JUnitXMLReporter -->
<testsuite ignored="0" hostname="HTCLT1474" failures="0" tests="6" name="Account" time="84.383" errors="0" timestamp="2023-12-01T16:55:38 IST">
  <testcase classname="Test.Account_Scenario" name="Login_Salesforce_page" time="7.679"/>
  <testcase classname="Test.Account_Scenario" name="Homepage" time="7.274"/>
  <testcase classname="Test.Account_Scenario" name="Account_Layouts" time="22.636"/>
  <testcase classname="Test.Account_Scenario" name="ShippingAddress_checkbox" time="18.227"/>
  <testcase classname="Test.Account_Scenario" name="Address_compare" time="7.441"/>
  <testcase classname="Test.Account_Scenario" name="Dependency_Filed" time="15.968"/>
</testsuite> <!-- Account -->
