<?xml version="1.0" encoding="UTF-8"?>
<!-- Generated by org.testng.reporters.JUnitXMLReporter -->
<testsuite ignored="0" hostname="HTCLT1474" failures="0" tests="26" name="Test" time="482.781" errors="0" timestamp="2023-07-19T12:03:05 IST">
  <testcase classname="Test.Lead_Scenario" name="Login_Salesforce_page" time="0.206"/>
  <testcase classname="Test.Lead_Scenario" name="Homepage" time="10.323"/>
  <testcase classname="Test.Lead_Scenario" name="Lead_LastName_Commpany" time="25.125"/>
  <testcase classname="Test.Lead_Scenario" name="Validate_the_field" time="8.198"/>
  <testcase classname="Test.Lead_Scenario" name="AnnualRevenue" time="15.143"/>
  <testcase classname="Test.Lead_Scenario" name="LeadConversion" time="5.217"/>
  <testcase classname="Test.Lead_Scenario" name="LeadStauts" time="18.471"/>
  <testcase classname="Test.Lead_Scenario" name="Account_OpportunityCreation" time="20.903"/>
  <testcase classname="Test.Account_Scenario" name="Login_Salesforce_page" time="7.239"/>
  <testcase classname="Test.Account_Scenario" name="Homepage" time="6.514"/>
  <testcase classname="Test.Account_Scenario" name="Account_Layouts" time="21.913"/>
  <testcase classname="Test.Account_Scenario" name="ShippingAddress_checkbox" time="17.986"/>
  <testcase classname="Test.Account_Scenario" name="Address_compare" time="7.29"/>
  <testcase classname="Test.Account_Scenario" name="Dependency_Filed" time="15.671"/>
  <testcase classname="Test.Opportunity_Scenario" name="Login_Salesforce_page" time="6.729"/>
  <testcase classname="Test.Opportunity_Scenario" name="Homepage" time="6.459"/>
  <testcase classname="Test.Opportunity_Scenario" name="Opportunity_Layouts" time="17.682"/>
  <testcase classname="Test.Opportunity_Scenario" name="Opportunity_Date_Field_Type" time="7.074"/>
  <testcase classname="Test.Opportunity_Scenario" name="AutopopulateAnnualRevenue" time="12.445"/>
  <testcase classname="Test.Opportunity_Scenario" name="Qualification_NewTask" time="18.513"/>
  <testcase classname="Test.Opportunity_Scenario" name="AutoPopulate_Contact" time="39.371"/>
  <testcase classname="Test.Opportunity_Scenario" name="Quote_created_tab" time="53.929"/>
  <testcase classname="Test.Opportunity_Scenario" name="Quote_created_PDF" time="58.051"/>
  <testcase classname="Test.Opportunity_Scenario" name="Closed_won" time="18.872"/>
  <testcase classname="Test.Opportunity_Scenario" name="Contract_Created" time="28.106"/>
  <testcase classname="Test.Opportunity_Scenario" name="Contract_Lost" time="25.258"/>
</testsuite> <!-- Test -->
